<?xml version="1.0" encoding="UTF-8"?>
<!-- Generated by org.testng.reporters.JUnitReportReporter -->
<testsuite hostname="LAPTOP-3V26PM3Q" failures="0" tests="1" name="BDLoginTest.LanchBrowser" time="7.010" errors="0" timestamp="15 Jun 2022 09:09:23 GMT" skipped="0">
  <testcase classname="BDLoginTest.LanchBrowser" name="logInTest" time="7.010"/>
</testsuite> <!-- BDLoginTest.LanchBrowser -->
